
**** Build of configuration Debug for project PPIRepeatMask ****

make all 
Building file: ../src/main.cpp
Invoking: GCC C++ Compiler
g++ -O0 -g3 -Wall -c -fmessage-length=0 -MMD -MP -MF"src/main.d" -MT"src/main.d" -o "src/main.o" "../src/main.cpp"
Finished building: ../src/main.cpp
 
Building file: ../src/ppi.cpp
Invoking: GCC C++ Compiler
g++ -O0 -g3 -Wall -c -fmessage-length=0 -MMD -MP -MF"src/ppi.d" -MT"src/ppi.d" -o "src/ppi.o" "../src/ppi.cpp"
In file included from /usr/include/c++/4.7/backward/hash_map:61:0,
                 from ../src/ppi.cpp:13:
/usr/include/c++/4.7/backward/backward_warning.h:33:2: warning: #warning This file includes at least one deprecated or antiquated header which may be removed without further notice at a future date. Please use a non-deprecated interface with equivalent functionality instead. For a listing of replacement headers and interfaces, consult the file backward_warning.h. To disable this warning use -Wno-deprecated. [-Wcpp]
../src/ppi.cpp: In function ‘std::vector<std::basic_string<char> > split(std::string, std::string)’:
../src/ppi.cpp:30:17: warning: comparison between signed and unsigned integer expressions [-Wsign-compare]
../src/ppi.cpp: In function ‘bool existed(std::vector<Protein>, Protein)’:
../src/ppi.cpp:419:25: warning: comparison between signed and unsigned integer expressions [-Wsign-compare]
Finished building: ../src/ppi.cpp
 
Building target: PPIRepeatMask
Invoking: GCC C++ Linker
g++  -o "PPIRepeatMask"  ./src/main.o ./src/ppi.o   
Finished building target: PPIRepeatMask
 

**** Build Finished ****
